<?xml version="1.0" encoding="UTF-8"?>
<!-- Generated by org.testng.reporters.JUnitXMLReporter -->
<testsuite ignored="0" hostname="DESKTOP-4Q7NLPG" failures="2" tests="4" name="petTest" time="13.094" errors="0" timestamp="2024-02-10T11:26:40 IST">
  <testcase classname="api.test.UserTest2" name="testpostuser" time="0.051">
    <failure type="java.util.MissingResourceException" message="Can&amp;apos;t find resource for bundle java.util.PropertyResourceBundle, key post_url">
      <![CDATA[java.util.MissingResourceException: Can't find resource for bundle java.util.PropertyResourceBundle, key post_url
at java.base/java.util.ResourceBundle.getObject(ResourceBundle.java:564)
at java.base/java.util.ResourceBundle.getString(ResourceBundle.java:521)
at api.endpoints.UserEndPoints2.CreateUser(UserEndPoints2.java:29)
at api.test.UserTest2.testpostuser(UserTest2.java:43)
at java.base/java.util.ArrayList.forEach(ArrayList.java:1511)
... Removed 27 stack frames]]>
    </failure>
  </testcase> <!-- testpostuser -->
  <testcase classname="api.test.UserTest2" name="testgetuser" time="5.189">
    <failure type="java.lang.AssertionError" message="expected [200] but found [404]">
      <![CDATA[java.lang.AssertionError: expected [200] but found [404]
at api.test.UserTest2.testgetuser(UserTest2.java:55)
at java.base/java.util.ArrayList.forEach(ArrayList.java:1511)
... Removed 34 stack frames]]>
    </failure>
  </testcase> <!-- testgetuser -->
  <testcase classname="api.test.UserTest2" name="testUpdateuser" time="3.779"/>
  <testcase classname="api.test.UserTest2" name="testDeleteuser" time="2.039"/>
</testsuite> <!-- petTest -->
